<?xml version="1.0" encoding="UTF-8"?>
<testsuite xmlns:xsi="http://www.w3.org/2001/XMLSchema-instance" xsi:noNamespaceSchemaLocation="https://maven.apache.org/surefire/maven-surefire-plugin/xsd/surefire-test-report-3.0.xsd" version="3.0" name="TestSuite" time="4.977" tests="47" errors="0" skipped="28" failures="18">
  <properties>
    <property name="sun.desktop" value="windows"/>
    <property name="awt.toolkit" value="sun.awt.windows.WToolkit"/>
    <property name="file.encoding.pkg" value="sun.io"/>
    <property name="java.specification.version" value="1.8"/>
    <property name="sun.cpu.isalist" value="amd64"/>
    <property name="sun.jnu.encoding" value="Cp1252"/>
    <property name="java.class.path" value="D:\AC0189\eclipse-workspace\IPC-AUTOMATION\target\test-classes;D:\AC0189\eclipse-workspace\IPC-AUTOMATION\target\classes;C:\Users\hiteshp\.m2\repository\junit\junit\4.11\junit-4.11.jar;C:\Users\hiteshp\.m2\repository\org\hamcrest\hamcrest-core\1.3\hamcrest-core-1.3.jar;C:\Users\hiteshp\.m2\repository\org\seleniumhq\selenium\selenium-java\3.141.59\selenium-java-3.141.59.jar;C:\Users\hiteshp\.m2\repository\org\seleniumhq\selenium\selenium-api\3.141.59\selenium-api-3.141.59.jar;C:\Users\hiteshp\.m2\repository\org\seleniumhq\selenium\selenium-chrome-driver\3.141.59\selenium-chrome-driver-3.141.59.jar;C:\Users\hiteshp\.m2\repository\org\seleniumhq\selenium\selenium-edge-driver\3.141.59\selenium-edge-driver-3.141.59.jar;C:\Users\hiteshp\.m2\repository\org\seleniumhq\selenium\selenium-firefox-driver\3.141.59\selenium-firefox-driver-3.141.59.jar;C:\Users\hiteshp\.m2\repository\org\seleniumhq\selenium\selenium-ie-driver\3.141.59\selenium-ie-driver-3.141.59.jar;C:\Users\hiteshp\.m2\repository\org\seleniumhq\selenium\selenium-opera-driver\3.141.59\selenium-opera-driver-3.141.59.jar;C:\Users\hiteshp\.m2\repository\org\seleniumhq\selenium\selenium-remote-driver\3.141.59\selenium-remote-driver-3.141.59.jar;C:\Users\hiteshp\.m2\repository\org\seleniumhq\selenium\selenium-safari-driver\3.141.59\selenium-safari-driver-3.141.59.jar;C:\Users\hiteshp\.m2\repository\org\seleniumhq\selenium\selenium-support\3.141.59\selenium-support-3.141.59.jar;C:\Users\hiteshp\.m2\repository\net\bytebuddy\byte-buddy\1.8.15\byte-buddy-1.8.15.jar;C:\Users\hiteshp\.m2\repository\org\apache\commons\commons-exec\1.3\commons-exec-1.3.jar;C:\Users\hiteshp\.m2\repository\com\google\guava\guava\25.0-jre\guava-25.0-jre.jar;C:\Users\hiteshp\.m2\repository\com\google\code\findbugs\jsr305\1.3.9\jsr305-1.3.9.jar;C:\Users\hiteshp\.m2\repository\org\checkerframework\checker-compat-qual\2.0.0\checker-compat-qual-2.0.0.jar;C:\Users\hiteshp\.m2\repository\com\google\errorprone\error_prone_annotations\2.1.3\error_prone_annotations-2.1.3.jar;C:\Users\hiteshp\.m2\repository\com\google\j2objc\j2objc-annotations\1.1\j2objc-annotations-1.1.jar;C:\Users\hiteshp\.m2\repository\org\codehaus\mojo\animal-sniffer-annotations\1.14\animal-sniffer-annotations-1.14.jar;C:\Users\hiteshp\.m2\repository\com\squareup\okhttp3\okhttp\3.11.0\okhttp-3.11.0.jar;C:\Users\hiteshp\.m2\repository\com\squareup\okio\okio\1.14.0\okio-1.14.0.jar;C:\Users\hiteshp\.m2\repository\org\testng\testng\6.14.3\testng-6.14.3.jar;C:\Users\hiteshp\.m2\repository\com\beust\jcommander\1.72\jcommander-1.72.jar;C:\Users\hiteshp\.m2\repository\org\apache-extras\beanshell\bsh\2.0b6\bsh-2.0b6.jar;C:\Users\hiteshp\.m2\repository\org\apache\poi\poi\4.0.1\poi-4.0.1.jar;C:\Users\hiteshp\.m2\repository\commons-codec\commons-codec\1.11\commons-codec-1.11.jar;C:\Users\hiteshp\.m2\repository\org\apache\commons\commons-collections4\4.2\commons-collections4-4.2.jar;C:\Users\hiteshp\.m2\repository\org\apache\commons\commons-math3\3.6.1\commons-math3-3.6.1.jar;C:\Users\hiteshp\.m2\repository\org\apache\poi\poi-ooxml\4.0.1\poi-ooxml-4.0.1.jar;C:\Users\hiteshp\.m2\repository\org\apache\poi\poi-ooxml-schemas\4.0.1\poi-ooxml-schemas-4.0.1.jar;C:\Users\hiteshp\.m2\repository\org\apache\xmlbeans\xmlbeans\3.0.2\xmlbeans-3.0.2.jar;C:\Users\hiteshp\.m2\repository\org\apache\commons\commons-compress\1.18\commons-compress-1.18.jar;C:\Users\hiteshp\.m2\repository\com\github\virtuald\curvesapi\1.05\curvesapi-1.05.jar;C:\Users\hiteshp\.m2\repository\org\apache\logging\log4j\log4j-api\2.11.2\log4j-api-2.11.2.jar;C:\Users\hiteshp\.m2\repository\org\apache\logging\log4j\log4j-core\2.11.2\log4j-core-2.11.2.jar;C:\Users\hiteshp\.m2\repository\com\relevantcodes\extentreports\2.41.2\extentreports-2.41.2.jar;C:\Users\hiteshp\.m2\repository\org\jsoup\jsoup\1.8.3\jsoup-1.8.3.jar;C:\Users\hiteshp\.m2\repository\org\xerial\sqlite-jdbc\3.8.11.1\sqlite-jdbc-3.8.11.1.jar;C:\Users\hiteshp\.m2\repository\org\freemarker\freemarker\2.3.23\freemarker-2.3.23.jar;C:\Users\hiteshp\.m2\repository\org\mongodb\mongodb-driver\3.0.4\mongodb-driver-3.0.4.jar;C:\Users\hiteshp\.m2\repository\org\mongodb\bson\3.0.4\bson-3.0.4.jar;C:\Users\hiteshp\.m2\repository\org\mongodb\mongodb-driver-core\3.0.4\mongodb-driver-core-3.0.4.jar;C:\Users\hiteshp\.m2\repository\com\aventstack\extentreports\3.1.5\extentreports-3.1.5.jar;C:\Users\hiteshp\.m2\repository\org\apache\httpcomponents\httpclient\4.5.2\httpclient-4.5.2.jar;C:\Users\hiteshp\.m2\repository\org\apache\httpcomponents\httpcore\4.4.4\httpcore-4.4.4.jar;C:\Users\hiteshp\.m2\repository\commons-logging\commons-logging\1.2\commons-logging-1.2.jar;C:\Users\hiteshp\.m2\repository\org\apache\httpcomponents\httpmime\4.5.2\httpmime-4.5.2.jar;C:\Users\hiteshp\.m2\repository\com\google\code\gson\gson\2.8.0\gson-2.8.0.jar;C:\Users\hiteshp\.m2\repository\javax\xml\bind\jaxb-api\2.3.1\jaxb-api-2.3.1.jar;C:\Users\hiteshp\.m2\repository\javax\activation\javax.activation-api\1.2.0\javax.activation-api-1.2.0.jar;C:\Users\hiteshp\.m2\repository\org\aspectj\aspectjweaver\1.9.2\aspectjweaver-1.9.2.jar;C:\Users\hiteshp\.m2\repository\org\slf4j\slf4j-api\1.6.6\slf4j-api-1.6.6.jar;C:\Users\hiteshp\.m2\repository\org\slf4j\slf4j-simple\1.6.6\slf4j-simple-1.6.6.jar;C:\Users\hiteshp\.m2\repository\commons-io\commons-io\2.6\commons-io-2.6.jar;C:\Users\hiteshp\.m2\repository\org\apache\cassandra\cassandra-all\0.8.1\cassandra-all-0.8.1.jar;C:\Users\hiteshp\.m2\repository\commons-cli\commons-cli\1.1\commons-cli-1.1.jar;C:\Users\hiteshp\.m2\repository\commons-collections\commons-collections\3.2.1\commons-collections-3.2.1.jar;C:\Users\hiteshp\.m2\repository\commons-lang\commons-lang\2.4\commons-lang-2.4.jar;C:\Users\hiteshp\.m2\repository\com\googlecode\concurrentlinkedhashmap\concurrentlinkedhashmap-lru\1.1\concurrentlinkedhashmap-lru-1.1.jar;C:\Users\hiteshp\.m2\repository\org\antlr\antlr\3.2\antlr-3.2.jar;C:\Users\hiteshp\.m2\repository\org\antlr\antlr-runtime\3.2\antlr-runtime-3.2.jar;C:\Users\hiteshp\.m2\repository\org\antlr\stringtemplate\3.2\stringtemplate-3.2.jar;C:\Users\hiteshp\.m2\repository\antlr\antlr\2.7.7\antlr-2.7.7.jar;C:\Users\hiteshp\.m2\repository\org\apache\cassandra\deps\avro\1.4.0-cassandra-1\avro-1.4.0-cassandra-1.jar;C:\Users\hiteshp\.m2\repository\org\mortbay\jetty\jetty\6.1.22\jetty-6.1.22.jar;C:\Users\hiteshp\.m2\repository\org\mortbay\jetty\jetty-util\6.1.22\jetty-util-6.1.22.jar;C:\Users\hiteshp\.m2\repository\org\mortbay\jetty\servlet-api\2.5-20081211\servlet-api-2.5-20081211.jar;C:\Users\hiteshp\.m2\repository\org\codehaus\jackson\jackson-core-asl\1.4.0\jackson-core-asl-1.4.0.jar;C:\Users\hiteshp\.m2\repository\org\codehaus\jackson\jackson-mapper-asl\1.4.0\jackson-mapper-asl-1.4.0.jar;C:\Users\hiteshp\.m2\repository\jline\jline\0.9.94\jline-0.9.94.jar;C:\Users\hiteshp\.m2\repository\com\googlecode\json-simple\json-simple\1.1\json-simple-1.1.jar;C:\Users\hiteshp\.m2\repository\com\github\stephenc\high-scale-lib\high-scale-lib\1.1.2\high-scale-lib-1.1.2.jar;C:\Users\hiteshp\.m2\repository\org\yaml\snakeyaml\1.6\snakeyaml-1.6.jar;C:\Users\hiteshp\.m2\repository\org\apache\thrift\libthrift\0.6.1\libthrift-0.6.1.jar;C:\Users\hiteshp\.m2\repository\javax\servlet\servlet-api\2.5\servlet-api-2.5.jar;C:\Users\hiteshp\.m2\repository\org\apache\cassandra\cassandra-thrift\0.8.1\cassandra-thrift-0.8.1.jar;C:\Users\hiteshp\.m2\repository\com\github\stephenc\jamm\0.2.2\jamm-0.2.2.jar;C:\Users\hiteshp\.m2\repository\mysql\mysql-connector-java\8.0.16\mysql-connector-java-8.0.16.jar;C:\Users\hiteshp\.m2\repository\com\google\protobuf\protobuf-java\3.6.1\protobuf-java-3.6.1.jar;C:\Users\hiteshp\.m2\repository\io\qameta\allure\allure-testng\2.12.1\allure-testng-2.12.1.jar;C:\Users\hiteshp\.m2\repository\io\qameta\allure\allure-java-commons\2.12.1\allure-java-commons-2.12.1.jar;C:\Users\hiteshp\.m2\repository\io\qameta\allure\allure-model\2.12.1\allure-model-2.12.1.jar;C:\Users\hiteshp\.m2\repository\com\fasterxml\jackson\core\jackson-databind\2.9.8\jackson-databind-2.9.8.jar;C:\Users\hiteshp\.m2\repository\com\fasterxml\jackson\core\jackson-annotations\2.9.0\jackson-annotations-2.9.0.jar;C:\Users\hiteshp\.m2\repository\com\fasterxml\jackson\core\jackson-core\2.9.8\jackson-core-2.9.8.jar;C:\Users\hiteshp\.m2\repository\org\apache\tika\tika-core\1.20\tika-core-1.20.jar;C:\Users\hiteshp\.m2\repository\org\jooq\joor-java-8\0.9.10\joor-java-8-0.9.10.jar;"/>
    <property name="java.vm.vendor" value="Oracle Corporation"/>
    <property name="sun.arch.data.model" value="64"/>
    <property name="user.variant" value=""/>
    <property name="java.vendor.url" value="http://java.oracle.com/"/>
    <property name="user.timezone" value="Asia/Calcutta"/>
    <property name="java.vm.specification.version" value="1.8"/>
    <property name="os.name" value="Windows 10"/>
    <property name="user.country" value="IN"/>
    <property name="sun.java.launcher" value="SUN_STANDARD"/>
    <property name="sun.boot.library.path" value="C:\Program Files\Java\jre1.8.0_221\bin"/>
    <property name="sun.java.command" value="C:\Users\hiteshp\AppData\Local\Temp\surefire8753079531304570933\surefirebooter4446104954579805562.jar C:\Users\hiteshp\AppData\Local\Temp\surefire8753079531304570933 2019-08-20T17-07-15_875-jvmRun1 surefire5489857736435299141tmp surefire_05079178891461521744tmp"/>
    <property name="surefire.test.class.path" value="D:\AC0189\eclipse-workspace\IPC-AUTOMATION\target\test-classes;D:\AC0189\eclipse-workspace\IPC-AUTOMATION\target\classes;C:\Users\hiteshp\.m2\repository\junit\junit\4.11\junit-4.11.jar;C:\Users\hiteshp\.m2\repository\org\hamcrest\hamcrest-core\1.3\hamcrest-core-1.3.jar;C:\Users\hiteshp\.m2\repository\org\seleniumhq\selenium\selenium-java\3.141.59\selenium-java-3.141.59.jar;C:\Users\hiteshp\.m2\repository\org\seleniumhq\selenium\selenium-api\3.141.59\selenium-api-3.141.59.jar;C:\Users\hiteshp\.m2\repository\org\seleniumhq\selenium\selenium-chrome-driver\3.141.59\selenium-chrome-driver-3.141.59.jar;C:\Users\hiteshp\.m2\repository\org\seleniumhq\selenium\selenium-edge-driver\3.141.59\selenium-edge-driver-3.141.59.jar;C:\Users\hiteshp\.m2\repository\org\seleniumhq\selenium\selenium-firefox-driver\3.141.59\selenium-firefox-driver-3.141.59.jar;C:\Users\hiteshp\.m2\repository\org\seleniumhq\selenium\selenium-ie-driver\3.141.59\selenium-ie-driver-3.141.59.jar;C:\Users\hiteshp\.m2\repository\org\seleniumhq\selenium\selenium-opera-driver\3.141.59\selenium-opera-driver-3.141.59.jar;C:\Users\hiteshp\.m2\repository\org\seleniumhq\selenium\selenium-remote-driver\3.141.59\selenium-remote-driver-3.141.59.jar;C:\Users\hiteshp\.m2\repository\org\seleniumhq\selenium\selenium-safari-driver\3.141.59\selenium-safari-driver-3.141.59.jar;C:\Users\hiteshp\.m2\repository\org\seleniumhq\selenium\selenium-support\3.141.59\selenium-support-3.141.59.jar;C:\Users\hiteshp\.m2\repository\net\bytebuddy\byte-buddy\1.8.15\byte-buddy-1.8.15.jar;C:\Users\hiteshp\.m2\repository\org\apache\commons\commons-exec\1.3\commons-exec-1.3.jar;C:\Users\hiteshp\.m2\repository\com\google\guava\guava\25.0-jre\guava-25.0-jre.jar;C:\Users\hiteshp\.m2\repository\com\google\code\findbugs\jsr305\1.3.9\jsr305-1.3.9.jar;C:\Users\hiteshp\.m2\repository\org\checkerframework\checker-compat-qual\2.0.0\checker-compat-qual-2.0.0.jar;C:\Users\hiteshp\.m2\repository\com\google\errorprone\error_prone_annotations\2.1.3\error_prone_annotations-2.1.3.jar;C:\Users\hiteshp\.m2\repository\com\google\j2objc\j2objc-annotations\1.1\j2objc-annotations-1.1.jar;C:\Users\hiteshp\.m2\repository\org\codehaus\mojo\animal-sniffer-annotations\1.14\animal-sniffer-annotations-1.14.jar;C:\Users\hiteshp\.m2\repository\com\squareup\okhttp3\okhttp\3.11.0\okhttp-3.11.0.jar;C:\Users\hiteshp\.m2\repository\com\squareup\okio\okio\1.14.0\okio-1.14.0.jar;C:\Users\hiteshp\.m2\repository\org\testng\testng\6.14.3\testng-6.14.3.jar;C:\Users\hiteshp\.m2\repository\com\beust\jcommander\1.72\jcommander-1.72.jar;C:\Users\hiteshp\.m2\repository\org\apache-extras\beanshell\bsh\2.0b6\bsh-2.0b6.jar;C:\Users\hiteshp\.m2\repository\org\apache\poi\poi\4.0.1\poi-4.0.1.jar;C:\Users\hiteshp\.m2\repository\commons-codec\commons-codec\1.11\commons-codec-1.11.jar;C:\Users\hiteshp\.m2\repository\org\apache\commons\commons-collections4\4.2\commons-collections4-4.2.jar;C:\Users\hiteshp\.m2\repository\org\apache\commons\commons-math3\3.6.1\commons-math3-3.6.1.jar;C:\Users\hiteshp\.m2\repository\org\apache\poi\poi-ooxml\4.0.1\poi-ooxml-4.0.1.jar;C:\Users\hiteshp\.m2\repository\org\apache\poi\poi-ooxml-schemas\4.0.1\poi-ooxml-schemas-4.0.1.jar;C:\Users\hiteshp\.m2\repository\org\apache\xmlbeans\xmlbeans\3.0.2\xmlbeans-3.0.2.jar;C:\Users\hiteshp\.m2\repository\org\apache\commons\commons-compress\1.18\commons-compress-1.18.jar;C:\Users\hiteshp\.m2\repository\com\github\virtuald\curvesapi\1.05\curvesapi-1.05.jar;C:\Users\hiteshp\.m2\repository\org\apache\logging\log4j\log4j-api\2.11.2\log4j-api-2.11.2.jar;C:\Users\hiteshp\.m2\repository\org\apache\logging\log4j\log4j-core\2.11.2\log4j-core-2.11.2.jar;C:\Users\hiteshp\.m2\repository\com\relevantcodes\extentreports\2.41.2\extentreports-2.41.2.jar;C:\Users\hiteshp\.m2\repository\org\jsoup\jsoup\1.8.3\jsoup-1.8.3.jar;C:\Users\hiteshp\.m2\repository\org\xerial\sqlite-jdbc\3.8.11.1\sqlite-jdbc-3.8.11.1.jar;C:\Users\hiteshp\.m2\repository\org\freemarker\freemarker\2.3.23\freemarker-2.3.23.jar;C:\Users\hiteshp\.m2\repository\org\mongodb\mongodb-driver\3.0.4\mongodb-driver-3.0.4.jar;C:\Users\hiteshp\.m2\repository\org\mongodb\bson\3.0.4\bson-3.0.4.jar;C:\Users\hiteshp\.m2\repository\org\mongodb\mongodb-driver-core\3.0.4\mongodb-driver-core-3.0.4.jar;C:\Users\hiteshp\.m2\repository\com\aventstack\extentreports\3.1.5\extentreports-3.1.5.jar;C:\Users\hiteshp\.m2\repository\org\apache\httpcomponents\httpclient\4.5.2\httpclient-4.5.2.jar;C:\Users\hiteshp\.m2\repository\org\apache\httpcomponents\httpcore\4.4.4\httpcore-4.4.4.jar;C:\Users\hiteshp\.m2\repository\commons-logging\commons-logging\1.2\commons-logging-1.2.jar;C:\Users\hiteshp\.m2\repository\org\apache\httpcomponents\httpmime\4.5.2\httpmime-4.5.2.jar;C:\Users\hiteshp\.m2\repository\com\google\code\gson\gson\2.8.0\gson-2.8.0.jar;C:\Users\hiteshp\.m2\repository\javax\xml\bind\jaxb-api\2.3.1\jaxb-api-2.3.1.jar;C:\Users\hiteshp\.m2\repository\javax\activation\javax.activation-api\1.2.0\javax.activation-api-1.2.0.jar;C:\Users\hiteshp\.m2\repository\org\aspectj\aspectjweaver\1.9.2\aspectjweaver-1.9.2.jar;C:\Users\hiteshp\.m2\repository\org\slf4j\slf4j-api\1.6.6\slf4j-api-1.6.6.jar;C:\Users\hiteshp\.m2\repository\org\slf4j\slf4j-simple\1.6.6\slf4j-simple-1.6.6.jar;C:\Users\hiteshp\.m2\repository\commons-io\commons-io\2.6\commons-io-2.6.jar;C:\Users\hiteshp\.m2\repository\org\apache\cassandra\cassandra-all\0.8.1\cassandra-all-0.8.1.jar;C:\Users\hiteshp\.m2\repository\commons-cli\commons-cli\1.1\commons-cli-1.1.jar;C:\Users\hiteshp\.m2\repository\commons-collections\commons-collections\3.2.1\commons-collections-3.2.1.jar;C:\Users\hiteshp\.m2\repository\commons-lang\commons-lang\2.4\commons-lang-2.4.jar;C:\Users\hiteshp\.m2\repository\com\googlecode\concurrentlinkedhashmap\concurrentlinkedhashmap-lru\1.1\concurrentlinkedhashmap-lru-1.1.jar;C:\Users\hiteshp\.m2\repository\org\antlr\antlr\3.2\antlr-3.2.jar;C:\Users\hiteshp\.m2\repository\org\antlr\antlr-runtime\3.2\antlr-runtime-3.2.jar;C:\Users\hiteshp\.m2\repository\org\antlr\stringtemplate\3.2\stringtemplate-3.2.jar;C:\Users\hiteshp\.m2\repository\antlr\antlr\2.7.7\antlr-2.7.7.jar;C:\Users\hiteshp\.m2\repository\org\apache\cassandra\deps\avro\1.4.0-cassandra-1\avro-1.4.0-cassandra-1.jar;C:\Users\hiteshp\.m2\repository\org\mortbay\jetty\jetty\6.1.22\jetty-6.1.22.jar;C:\Users\hiteshp\.m2\repository\org\mortbay\jetty\jetty-util\6.1.22\jetty-util-6.1.22.jar;C:\Users\hiteshp\.m2\repository\org\mortbay\jetty\servlet-api\2.5-20081211\servlet-api-2.5-20081211.jar;C:\Users\hiteshp\.m2\repository\org\codehaus\jackson\jackson-core-asl\1.4.0\jackson-core-asl-1.4.0.jar;C:\Users\hiteshp\.m2\repository\org\codehaus\jackson\jackson-mapper-asl\1.4.0\jackson-mapper-asl-1.4.0.jar;C:\Users\hiteshp\.m2\repository\jline\jline\0.9.94\jline-0.9.94.jar;C:\Users\hiteshp\.m2\repository\com\googlecode\json-simple\json-simple\1.1\json-simple-1.1.jar;C:\Users\hiteshp\.m2\repository\com\github\stephenc\high-scale-lib\high-scale-lib\1.1.2\high-scale-lib-1.1.2.jar;C:\Users\hiteshp\.m2\repository\org\yaml\snakeyaml\1.6\snakeyaml-1.6.jar;C:\Users\hiteshp\.m2\repository\org\apache\thrift\libthrift\0.6.1\libthrift-0.6.1.jar;C:\Users\hiteshp\.m2\repository\javax\servlet\servlet-api\2.5\servlet-api-2.5.jar;C:\Users\hiteshp\.m2\repository\org\apache\cassandra\cassandra-thrift\0.8.1\cassandra-thrift-0.8.1.jar;C:\Users\hiteshp\.m2\repository\com\github\stephenc\jamm\0.2.2\jamm-0.2.2.jar;C:\Users\hiteshp\.m2\repository\mysql\mysql-connector-java\8.0.16\mysql-connector-java-8.0.16.jar;C:\Users\hiteshp\.m2\repository\com\google\protobuf\protobuf-java\3.6.1\protobuf-java-3.6.1.jar;C:\Users\hiteshp\.m2\repository\io\qameta\allure\allure-testng\2.12.1\allure-testng-2.12.1.jar;C:\Users\hiteshp\.m2\repository\io\qameta\allure\allure-java-commons\2.12.1\allure-java-commons-2.12.1.jar;C:\Users\hiteshp\.m2\repository\io\qameta\allure\allure-model\2.12.1\allure-model-2.12.1.jar;C:\Users\hiteshp\.m2\repository\com\fasterxml\jackson\core\jackson-databind\2.9.8\jackson-databind-2.9.8.jar;C:\Users\hiteshp\.m2\repository\com\fasterxml\jackson\core\jackson-annotations\2.9.0\jackson-annotations-2.9.0.jar;C:\Users\hiteshp\.m2\repository\com\fasterxml\jackson\core\jackson-core\2.9.8\jackson-core-2.9.8.jar;C:\Users\hiteshp\.m2\repository\org\apache\tika\tika-core\1.20\tika-core-1.20.jar;C:\Users\hiteshp\.m2\repository\org\jooq\joor-java-8\0.9.10\joor-java-8-0.9.10.jar;"/>
    <property name="sun.cpu.endian" value="little"/>
    <property name="user.home" value="C:\Users\hiteshp"/>
    <property name="user.language" value="en"/>
    <property name="java.specification.vendor" value="Oracle Corporation"/>
    <property name="java.home" value="C:\Program Files\Java\jre1.8.0_221"/>
    <property name="basedir" value="D:\AC0189\eclipse-workspace\IPC-AUTOMATION"/>
    <property name="file.separator" value="\"/>
    <property name="line.separator" value="&#10;"/>
    <property name="java.vm.specification.vendor" value="Oracle Corporation"/>
    <property name="java.specification.name" value="Java Platform API Specification"/>
    <property name="java.awt.graphicsenv" value="sun.awt.Win32GraphicsEnvironment"/>
    <property name="surefire.real.class.path" value="C:\Users\hiteshp\AppData\Local\Temp\surefire8753079531304570933\surefirebooter4446104954579805562.jar;C:\Users\hiteshp\.m2\repository/org/aspectj/aspectjweaver/1.8.10/aspectjweaver-1.8.10.jar"/>
    <property name="sun.boot.class.path" value="C:\Program Files\Java\jre1.8.0_221\lib\resources.jar;C:\Program Files\Java\jre1.8.0_221\lib\rt.jar;C:\Program Files\Java\jre1.8.0_221\lib\sunrsasign.jar;C:\Program Files\Java\jre1.8.0_221\lib\jsse.jar;C:\Program Files\Java\jre1.8.0_221\lib\jce.jar;C:\Program Files\Java\jre1.8.0_221\lib\charsets.jar;C:\Program Files\Java\jre1.8.0_221\lib\jfr.jar;C:\Program Files\Java\jre1.8.0_221\classes"/>
    <property name="user.script" value=""/>
    <property name="sun.management.compiler" value="HotSpot 64-Bit Tiered Compilers"/>
    <property name="java.runtime.version" value="1.8.0_221-b11"/>
    <property name="user.name" value="hiteshp"/>
    <property name="path.separator" value=";"/>
    <property name="os.version" value="10.0"/>
    <property name="java.endorsed.dirs" value="C:\Program Files\Java\jre1.8.0_221\lib\endorsed"/>
    <property name="java.runtime.name" value="Java(TM) SE Runtime Environment"/>
    <property name="file.encoding" value="Cp1252"/>
    <property name="java.vm.name" value="Java HotSpot(TM) 64-Bit Server VM"/>
    <property name="localRepository" value="C:\Users\hiteshp\.m2\repository"/>
    <property name="java.vendor.url.bug" value="http://bugreport.sun.com/bugreport/"/>
    <property name="java.io.tmpdir" value="C:\Users\hiteshp\AppData\Local\Temp\"/>
    <property name="java.version" value="1.8.0_221"/>
    <property name="user.dir" value="D:\AC0189\eclipse-workspace\IPC-AUTOMATION"/>
    <property name="os.arch" value="amd64"/>
    <property name="java.vm.specification.name" value="Java Virtual Machine Specification"/>
    <property name="java.awt.printerjob" value="sun.awt.windows.WPrinterJob"/>
    <property name="sun.os.patch.level" value=""/>
    <property name="java.library.path" value="C:\Program Files\Java\jre1.8.0_221\bin;C:\Windows\Sun\Java\bin;C:\Windows\system32;C:\Windows;C:/Program Files/Java/jre1.8.0_221/bin/server;C:/Program Files/Java/jre1.8.0_221/bin;C:/Program Files/Java/jre1.8.0_221/lib/amd64;C:\Program Files (x86)\Common Files\Oracle\Java\javapath;C:\Windows\system32;C:\Windows;C:\Windows\System32\Wbem;C:\Windows\System32\WindowsPowerShell\v1.0\;C:\Windows\System32\OpenSSH\;C:\Program Files\Git\cmd;C:\Users\hiteshp\AppData\Local\Microsoft\WindowsApps;C:\Program Files\Java\jdk1.8.0_181\bin;D:\AC0189\Setup\apache-maven-3.6.1\bin;C:\Users\hiteshp\AppData\Local\Programs\Fiddler;C:\Program Files\Git\bin\git.exe;C:\Program Files\Git\cmd;C:\Users\hiteshp\AppData\Local\GitHubDesktop\bin;C:\Program Files (x86)\Eclips java\eclipse;;."/>
    <property name="java.vm.info" value="mixed mode"/>
    <property name="java.vendor" value="Oracle Corporation"/>
    <property name="java.vm.version" value="25.221-b11"/>
    <property name="java.ext.dirs" value="C:\Program Files\Java\jre1.8.0_221\lib\ext;C:\Windows\Sun\Java\lib\ext"/>
    <property name="sun.io.unicode.encoding" value="UnicodeLittle"/>
    <property name="java.class.version" value="52.0"/>
  </properties>
  <testcase name="NAVIGATE_TO_URL_CLICK_SIGN" classname="QA.Tests.Test1" time="0.072">
    <failure type="java.lang.NullPointerException">java.lang.NullPointerException
	at QA.Tests.Test1.NAVIGATE_TO_URL_CLICK_SIGN(Test1.java:35)
</failure>
    <system-out><![CDATA[===================================================================
This is onStart methodD:\AC0189\eclipse-workspace\IPC-AUTOMATION\target\surefire-reports\Suite
===================================================================
===================================================================
NAVIGATE_TO_URL_CLICK_SIGN Test Case Started
===================================================================
I am in onTestStart method NAVIGATE_TO_URL_CLICK_SIGN start
]]></system-out>
    <system-err><![CDATA[1792 [main] INFO org.mortbay.log - Logging to org.slf4j.impl.SimpleLogger(org.mortbay.log) via org.mortbay.log.Slf4jLog
1792 [main] INFO org.mortbay.log - Test Started
]]></system-err>
  </testcase>
  <testcase name="getResult" classname="QA.Tests.Test1" time="0.263">
    <failure type="java.lang.NullPointerException">java.lang.NullPointerException
</failure>
    <system-out><![CDATA[===================================================================
NAVIGATE_TO_URL_CLICK_SIGN Test Case failed
===================================================================
]]></system-out>
  </testcase>
  <testcase name="getResult" classname="QA.Tests.Test1" time="0">
    <skipped/>
    <system-out><![CDATA[===================================================================
ENTER_UNAME_PWRD_LOGIN Test Case Skipped
===================================================================
]]></system-out>
  </testcase>
  <testcase name="getResult" classname="QA.Tests.Test1" time="0">
    <skipped/>
    <system-out><![CDATA[===================================================================
CLICK_ON_WOMAN_TAB Test Case Skipped
===================================================================
]]></system-out>
  </testcase>
  <testcase name="getResult" classname="QA.Tests.Test1" time="0">
    <skipped/>
    <system-out><![CDATA[===================================================================
CLICK_ON_WOMAN_TAB_TOPS Test Case Skipped
===================================================================
]]></system-out>
  </testcase>
  <testcase name="getResult" classname="QA.Tests.Test1" time="0">
    <skipped/>
    <system-out><![CDATA[===================================================================
CLICK_ON_WOMAN_TSHIRTS Test Case Skipped
===================================================================
]]></system-out>
  </testcase>
  <testcase name="getResult" classname="QA.Tests.Test1" time="0">
    <skipped/>
    <system-out><![CDATA[===================================================================
CLICK_ON_PRODUCT Test Case Skipped
===================================================================
]]></system-out>
  </testcase>
  <testcase name="getResult" classname="QA.Tests.Test1" time="0">
    <skipped/>
    <system-out><![CDATA[===================================================================
PRODUCT_ADD_TO_CART Test Case Skipped
===================================================================
]]></system-out>
  </testcase>
  <testcase name="ENTER_UNAME_PWRD_LOGIN" classname="QA.Tests.Test1" time="0">
    <skipped/>
  </testcase>
  <testcase name="CLICK_ON_WOMAN_TAB" classname="QA.Tests.Test1" time="0">
    <skipped/>
  </testcase>
  <testcase name="CLICK_ON_WOMAN_TAB_TOPS" classname="QA.Tests.Test1" time="0">
    <skipped/>
  </testcase>
  <testcase name="CLICK_ON_WOMAN_TSHIRTS" classname="QA.Tests.Test1" time="0">
    <skipped/>
  </testcase>
  <testcase name="CLICK_ON_PRODUCT" classname="QA.Tests.Test1" time="0">
    <skipped/>
  </testcase>
  <testcase name="PRODUCT_ADD_TO_CART" classname="QA.Tests.Test1" time="0">
    <skipped/>
  </testcase>
  <testcase name="PATINET_DEMO_CREATION" classname="QA.Tests.Test2" time="0.048"/>
  <testcase name="PATINET_DEMO_UPDATE" classname="QA.Tests.Test2" time="0.003">
    <failure type="java.lang.NullPointerException">java.lang.NullPointerException
	at QA.Tests.Test2.PATINET_DEMO_UPDATE(Test2.java:41)
</failure>
    <system-out><![CDATA[===================================================================
PATINET_DEMO_CREATION Test Successfully Finished
===================================================================
I am in onTestSuccess method PATINET_DEMO_CREATION succeed
===================================================================
PATINET_DEMO_UPDATE Test Case Started
===================================================================
I am in onTestStart method PATINET_DEMO_UPDATE start
]]></system-out>
  </testcase>
  <testcase name="getResult" classname="QA.Tests.Test2" time="0.008">
    <failure type="java.lang.NullPointerException">java.lang.NullPointerException
</failure>
    <system-out><![CDATA[===================================================================
PATINET_DEMO_UPDATE Test Case failed
===================================================================
]]></system-out>
  </testcase>
  <testcase name="NAVIGATE_TO_GOOGLE" classname="QA.Tests.Test3" time="0.004">
    <failure type="java.lang.NullPointerException">java.lang.NullPointerException
	at QA.Tests.Test3.NAVIGATE_TO_GOOGLE(Test3.java:27)
</failure>
    <system-out><![CDATA[===================================================================
NAVIGATE_TO_GOOGLE Test Case Started
===================================================================
I am in onTestStart method NAVIGATE_TO_GOOGLE start
]]></system-out>
  </testcase>
  <testcase name="getResult" classname="QA.Tests.Test3" time="0.009">
    <failure type="java.lang.NullPointerException">java.lang.NullPointerException
</failure>
    <system-out><![CDATA[===================================================================
NAVIGATE_TO_GOOGLE Test Case failed
===================================================================
]]></system-out>
  </testcase>
  <testcase name="getResult" classname="QA.Tests.Test3" time="0">
    <skipped/>
    <system-out><![CDATA[===================================================================
CLICK_ON_3rdRESULT Test Case Skipped
===================================================================
]]></system-out>
  </testcase>
  <testcase name="getResult" classname="QA.Tests.Test3" time="0">
    <skipped/>
    <system-out><![CDATA[===================================================================
RESULT_TITLE_VERIFY Test Case Skipped
===================================================================
]]></system-out>
  </testcase>
  <testcase name="getResult" classname="QA.Tests.Test3" time="0">
    <skipped/>
    <system-out><![CDATA[===================================================================
GoogleNews_TitleVerify Test Case Skipped
===================================================================
]]></system-out>
  </testcase>
  <testcase name="CLICK_ON_3rdRESULT" classname="QA.Tests.Test3" time="0">
    <skipped/>
  </testcase>
  <testcase name="RESULT_TITLE_VERIFY" classname="QA.Tests.Test3" time="0">
    <skipped/>
  </testcase>
  <testcase name="GoogleNews_TitleVerify" classname="QA.Tests.Test3" time="0">
    <skipped/>
  </testcase>
  <testcase name="SFDCLogincheck" classname="QA.Tests.Test4" time="0.01">
    <failure type="java.lang.NullPointerException">java.lang.NullPointerException
	at QA.Tests.Test4.SFDCLogincheck(Test4.java:37)
</failure>
    <system-out><![CDATA[HP_TEST_1
Gtl@123
HP_TEST_2
Gtl@123
HP_TEST_3
Gtl@123
HP_TEST_4
Gtl@123
HP_TEST_5
Gtl@123
===================================================================
SFDCLogincheck Test Case Started
===================================================================
I am in onTestStart method SFDCLogincheck start
]]></system-out>
  </testcase>
  <testcase name="SFDCLogincheck" classname="QA.Tests.Test4" time="0">
    <skipped/>
  </testcase>
  <testcase name="SFDCLogincheck" classname="QA.Tests.Test4" time="0">
    <skipped/>
  </testcase>
  <testcase name="SFDCLogincheck" classname="QA.Tests.Test4" time="0">
    <skipped/>
  </testcase>
  <testcase name="SFDCLogincheck" classname="QA.Tests.Test4" time="0">
    <skipped/>
  </testcase>
  <testcase name="getResult" classname="QA.Tests.Test4" time="0.022">
    <failure type="java.lang.NullPointerException">java.lang.NullPointerException
</failure>
    <system-out><![CDATA[===================================================================
SFDCLogincheck Test Case failed
===================================================================
]]></system-out>
  </testcase>
  <testcase name="getResult" classname="QA.Tests.Test4" time="0">
    <skipped/>
    <system-out><![CDATA[===================================================================
SFDCLogincheck Test Case Skipped
===================================================================
]]></system-out>
  </testcase>
  <testcase name="getResult" classname="QA.Tests.Test4" time="0">
    <skipped/>
    <system-out><![CDATA[===================================================================
SFDCLogincheck Test Case Skipped
===================================================================
]]></system-out>
  </testcase>
  <testcase name="getResult" classname="QA.Tests.Test4" time="0">
    <skipped/>
    <system-out><![CDATA[===================================================================
SFDCLogincheck Test Case Skipped
===================================================================
]]></system-out>
  </testcase>
  <testcase name="getResult" classname="QA.Tests.Test4" time="0">
    <skipped/>
    <system-out><![CDATA[===================================================================
SFDCLogincheck Test Case Skipped
===================================================================
]]></system-out>
  </testcase>
  <testcase name="SFDCLogincheck" classname="QA.Tests.Test5" time="0.014">
    <failure type="java.lang.NullPointerException">java.lang.NullPointerException
	at QA.Tests.Test5.SFDCLogincheck(Test5.java:46)
</failure>
    <system-out><![CDATA[HP_TEST_5
Gtl@123
===================================================================
SFDCLogincheck Test Case Started
===================================================================
I am in onTestStart method SFDCLogincheck start
]]></system-out>
  </testcase>
  <testcase name="getResult" classname="QA.Tests.Test5" time="0.016">
    <failure type="java.lang.NullPointerException">java.lang.NullPointerException
</failure>
    <system-out><![CDATA[===================================================================
SFDCLogincheck Test Case failed
===================================================================
]]></system-out>
  </testcase>
  <testcase name="FinalProductCheck" classname="QA.Tests.Test6" time="0.028">
    <failure type="java.lang.NullPointerException">java.lang.NullPointerException
	at QA.Tests.Test6.FinalProductCheck(Test6.java:16)
</failure>
    <system-out><![CDATA[===================================================================
FinalProductCheck Test Case Started
===================================================================
I am in onTestStart method FinalProductCheck start
]]></system-out>
  </testcase>
  <testcase name="getResult" classname="QA.Tests.Test6" time="0.033">
    <failure type="java.lang.NullPointerException">java.lang.NullPointerException
</failure>
    <system-out><![CDATA[===================================================================
FinalProductCheck Test Case failed
===================================================================
]]></system-out>
  </testcase>
  <testcase name="G99login" classname="QA.Tests.Test7" time="0.037">
    <failure type="java.lang.NullPointerException">java.lang.NullPointerException
	at QA.Tests.Test7.G99login(Test7.java:22)
</failure>
    <system-out><![CDATA[===================================================================
G99login Test Case Started
===================================================================
I am in onTestStart method G99login start
]]></system-out>
  </testcase>
  <testcase name="getResult" classname="QA.Tests.Test7" time="0.04">
    <failure type="java.lang.NullPointerException">java.lang.NullPointerException
</failure>
    <system-out><![CDATA[===================================================================
G99login Test Case failed
===================================================================
]]></system-out>
  </testcase>
  <testcase name="AddCustomer" classname="QA.Tests.Test8" time="0.012">
    <failure type="java.lang.NullPointerException">java.lang.NullPointerException
	at QA.Tests.Test8.AddCustomer(Test8.java:24)
</failure>
    <system-out><![CDATA[===================================================================
AddCustomer Test Case Started
===================================================================
I am in onTestStart method AddCustomer start
]]></system-out>
  </testcase>
  <testcase name="AddCustomer" classname="QA.Tests.Test8" time="0">
    <skipped/>
  </testcase>
  <testcase name="getResult" classname="QA.Tests.Test8" time="0.03">
    <failure type="java.lang.NullPointerException">java.lang.NullPointerException
</failure>
    <system-out><![CDATA[===================================================================
AddCustomer Test Case failed
===================================================================
]]></system-out>
  </testcase>
  <testcase name="getResult" classname="QA.Tests.Test8" time="0">
    <skipped/>
    <system-out><![CDATA[===================================================================
AddCustomer Test Case Skipped
===================================================================
]]></system-out>
  </testcase>
  <testcase name="AddCustomer" classname="QA.Tests.Test9" time="0.095">
    <failure type="java.lang.NullPointerException">java.lang.NullPointerException
	at QA.Tests.Test9.AddCustomer(Test9.java:31)
</failure>
    <system-out><![CDATA[===================================================================
AddCustomer Test Case Started
===================================================================
I am in onTestStart method AddCustomer start
]]></system-out>
  </testcase>
  <testcase name="getResult" classname="QA.Tests.Test9" time="0.101">
    <failure type="java.lang.NullPointerException">java.lang.NullPointerException
</failure>
    <system-out><![CDATA[===================================================================
AddCustomer Test Case failed
===================================================================
]]></system-out>
  </testcase>
</testsuite>