<?xml version="1.0" encoding="UTF-8"?>
<!-- Generated by org.testng.reporters.JUnitReportReporter -->
<testsuite hostname="Hiteshkumar" failures="0" tests="1" name="cucumberOptions.TestRunner" time="63.927" errors="0" timestamp="27 Jun 2019 06:27:03 GMT" skipped="0">
  <testcase classname="cucumberOptions.TestRunner" name="feature" time="63.927"/>
</testsuite> <!-- cucumberOptions.TestRunner -->
