<?xml version="1.0" encoding="UTF-8"?>
<!-- Generated by org.testng.reporters.JUnitReportReporter -->
<testsuite hostname="Hiteshkumar" failures="0" tests="1" name="QA.Tests.Test2" time="0.015" errors="0" timestamp="07 Aug 2019 16:54:20 GMT" skipped="0">
  <testcase classname="QA.Tests.Test2" name="Test2Method1" time="0.015"/>
</testsuite> <!-- QA.Tests.Test2 -->
