<?xml version="1.0" encoding="UTF-8"?>
<!-- Generated by org.testng.reporters.JUnitReportReporter -->
<testsuite skipped="0" hostname="LIN30000206" name="qaclickacademy.SeleniumTest" tests="2" failures="0" timestamp="30 May 2019 06:06:16 GMT" time="0.006" errors="0">
  <testcase name="BrowserAUtomation" time="0.004" classname="qaclickacademy.SeleniumTest"/>
  <testcase name="elementsUi" time="0.002" classname="qaclickacademy.SeleniumTest"/>
</testsuite> <!-- qaclickacademy.SeleniumTest -->
