<?xml version="1.0" encoding="UTF-8"?>
<!-- Generated by org.testng.reporters.JUnitReportReporter -->
<testsuite skipped="0" hostname="LIN30000206" name="qaclickacademy.AppiumTest" tests="2" failures="0" timestamp="30 May 2019 06:06:16 GMT" time="0.021" errors="0">
  <testcase name="IOSApps" time="0.018" classname="qaclickacademy.AppiumTest"/>
  <testcase name="NativeAPpAndroid" time="0.003" classname="qaclickacademy.AppiumTest"/>
</testsuite> <!-- qaclickacademy.AppiumTest -->
