<?xml version="1.0" encoding="UTF-8"?>
<!-- Generated by org.testng.reporters.JUnitReportReporter -->
<testsuite hostname="Hiteshkumar" failures="0" tests="1" name="com.inetbanking.testCases.TC_AddCustomerTest_4" time="33.851" errors="0" timestamp="28 Jul 2019 16:31:55 GMT" skipped="0">
  <testcase classname="com.inetbanking.testCases.TC_AddCustomerTest_4" name="addNewCustomer" time="33.851"/>
</testsuite> <!-- com.inetbanking.testCases.TC_AddCustomerTest_4 -->
