<?xml version="1.0" encoding="UTF-8"?>
<!-- Generated by org.testng.reporters.JUnitReportReporter -->
<testsuite hostname="Hiteshkumar" failures="0" tests="1" name="com.inetbanking.testCases.TC_AddCustomerTest_003" time="33.502" errors="0" timestamp="28 Jul 2019 04:07:44 GMT" skipped="0">
  <testcase classname="com.inetbanking.testCases.TC_AddCustomerTest_003" name="addNewCustomer" time="33.502"/>
</testsuite> <!-- com.inetbanking.testCases.TC_AddCustomerTest_003 -->
