<?xml version="1.0" encoding="UTF-8"?>
<!-- Generated by org.testng.reporters.JUnitReportReporter -->
<testsuite hostname="Hiteshkumar" failures="0" tests="1" name="com.inetbanking.testCases.TC_AddCustomerTest_004" time="0.000" errors="0" timestamp="28 Jul 2019 12:47:38 GMT" skipped="1">
  <testcase classname="com.inetbanking.testCases.TC_AddCustomerTest_004" name="addNewCustomer" time="0.000">
    <skipped/>
  </testcase> <!-- addNewCustomer -->
</testsuite> <!-- com.inetbanking.testCases.TC_AddCustomerTest_004 -->
