<?xml version="1.0" encoding="UTF-8"?>
<!-- Generated by org.testng.reporters.JUnitReportReporter -->
<testsuite hostname="Hiteshkumar" failures="0" tests="1" name="com.inetbanking.testCases.TC_LoginTest_001" time="7.365" errors="0" timestamp="28 Jul 2019 11:28:22 GMT" skipped="0">
  <testcase classname="com.inetbanking.testCases.TC_LoginTest_001" name="loginTest" time="7.365"/>
</testsuite> <!-- com.inetbanking.testCases.TC_LoginTest_001 -->
