<?xml version="1.0" encoding="UTF-8"?>
<!-- Generated by org.testng.reporters.JUnitReportReporter -->
<testsuite skipped="0" hostname="ipcq16" name="QA.Tests.Test1" tests="7" failures="0" timestamp="29 Jul 2019 07:37:04 GMT" time="30.402" errors="0">
  <testcase name="NAVIGATE_TO_URL_CLICK_SIGN" time="8.807" classname="QA.Tests.Test1"/>
  <testcase name="ENTER_UNAME_PWRD_LOGIN" time="2.195" classname="QA.Tests.Test1"/>
  <testcase name="CLICK_ON_WOMAN_TAB" time="3.052" classname="QA.Tests.Test1"/>
  <testcase name="CLICK_ON_WOMAN_TAB_TOPS" time="1.646" classname="QA.Tests.Test1"/>
  <testcase name="CLICK_ON_WOMAN_TSHIRTS" time="1.634" classname="QA.Tests.Test1"/>
  <testcase name="CLICK_ON_PRODUCT" time="2.724" classname="QA.Tests.Test1"/>
  <testcase name="PRODUCT_ADD_TO_CART" time="10.344" classname="QA.Tests.Test1"/>
</testsuite> <!-- QA.Tests.Test1 -->
