<?xml version="1.0" encoding="UTF-8"?>
<!-- Generated by org.testng.reporters.JUnitReportReporter -->
<testsuite skipped="0" hostname="ipcq16" name="QA.Tests.Test4" tests="5" failures="0" timestamp="25 Jul 2019 12:07:09 GMT" time="30.739" errors="0">
  <testcase name="SFDCLogincheck" time="5.427" classname="QA.Tests.Test4"/>
  <testcase name="SFDCLogincheck" time="11.048" classname="QA.Tests.Test4"/>
  <testcase name="SFDCLogincheck" time="4.071" classname="QA.Tests.Test4"/>
  <testcase name="SFDCLogincheck" time="5.096" classname="QA.Tests.Test4"/>
  <testcase name="SFDCLogincheck" time="5.097" classname="QA.Tests.Test4"/>
</testsuite> <!-- QA.Tests.Test4 -->
