<?xml version="1.0" encoding="UTF-8"?>
<!-- Generated by org.testng.reporters.JUnitReportReporter -->
<testsuite skipped="0" hostname="ipcq16" name="QA.Tests.Test5" tests="1" failures="0" timestamp="29 Jul 2019 07:37:04 GMT" time="2.905" errors="0">
  <testcase name="SFDCLogincheck" time="2.905" classname="QA.Tests.Test5"/>
</testsuite> <!-- QA.Tests.Test5 -->
