<?xml version="1.0" encoding="UTF-8"?>
<!-- Generated by org.testng.reporters.JUnitReportReporter -->
<testsuite skipped="0" hostname="ipcq16" name="QA.Tests.Test4" tests="5" failures="0" timestamp="29 Jul 2019 07:37:04 GMT" time="18.198" errors="0">
  <testcase name="SFDCLogincheck" time="2.074" classname="QA.Tests.Test4"/>
  <testcase name="SFDCLogincheck" time="8.395" classname="QA.Tests.Test4"/>
  <testcase name="SFDCLogincheck" time="2.767" classname="QA.Tests.Test4"/>
  <testcase name="SFDCLogincheck" time="2.102" classname="QA.Tests.Test4"/>
  <testcase name="SFDCLogincheck" time="2.860" classname="QA.Tests.Test4"/>
</testsuite> <!-- QA.Tests.Test4 -->
