<?xml version="1.0" encoding="UTF-8"?>
<!-- Generated by org.testng.reporters.JUnitReportReporter -->
<testsuite hostname="Hiteshkumar" failures="0" tests="1" name="com.Tests.CreatingStepLogs" time="0.006" errors="0" timestamp="22 Jul 2019 19:09:56 GMT" skipped="0">
  <testcase classname="com.Tests.CreatingStepLogs" name="stepLogsGeneration" time="0.006"/>
</testsuite> <!-- com.Tests.CreatingStepLogs -->
