<?xml version="1.0" encoding="UTF-8"?>
<!-- Generated by org.testng.reporters.JUnitReportReporter -->
<testsuite skipped="0" hostname="LIN30000206" name="Tests.LoginTests" tests="1" failures="0" timestamp="06 Jun 2019 05:58:35 GMT" time="20.013" errors="0">
  <testcase name="Test1" time="20.013" classname="Tests.LoginTests"/>
</testsuite> <!-- Tests.LoginTests -->
