<?xml version="1.0" encoding="UTF-8"?>
<!-- Generated by org.testng.reporters.JUnitReportReporter -->
<testsuite skipped="0" hostname="LIN30000206" name="TestNG.DemoTestNG" tests="1" failures="0" timestamp="29 Apr 2019 06:24:46 GMT" time="0.021" errors="0">
  <testcase name="verifyHomepageTitle" time="0.021" classname="TestNG.DemoTestNG"/>
</testsuite> <!-- TestNG.DemoTestNG -->
