<?xml version="1.0" encoding="UTF-8"?>
<!-- Generated by org.testng.reporters.JUnitReportReporter -->
<testsuite skipped="0" hostname="LIN30000206" name="TestNG.DemoTestNG" tests="1" failures="0" timestamp="18 May 2019 13:08:34 GMT" time="0.023" errors="0">
  <testcase name="verifyHomepageTitle" time="0.023" classname="TestNG.DemoTestNG"/>
</testsuite> <!-- TestNG.DemoTestNG -->
