<?xml version="1.0" encoding="UTF-8"?>
<!-- Generated by org.testng.reporters.JUnitReportReporter -->
<testsuite skipped="0" hostname="LIN30000206" name="test.day1" tests="1" failures="0" timestamp="21 May 2019 04:03:53 GMT" time="0.013" errors="0">
  <testcase name="Demo" time="0.013" classname="test.day1"/>
</testsuite> <!-- test.day1 -->
