<?xml version="1.0" encoding="UTF-8"?>
<!-- Generated by org.testng.reporters.JUnitReportReporter -->
<testsuite skipped="1" hostname="LIN30000206" name="test.day3" tests="6" failures="0" timestamp="18 May 2019 13:17:42 GMT" time="0.045" errors="0">
  <testcase name="MobilesignoutcarLoan" time="0.004" classname="test.day3"/>
  <testcase name="MobileLogincarLoan" time="0.014" classname="test.day3"/>
  <testcase name="WebloginCarLoan" time="0.007" classname="test.day3"/>
  <testcase name="MobilesignoutcarLoan" time="0.008" classname="test.day3"/>
  <testcase name="MobilesignoutcarLoan" time="0.012" classname="test.day3"/>
  <testcase name="MobilesignimcarLoan" classname="test.day3">
    <skipped/>
  </testcase> <!-- MobilesignimcarLoan -->
</testsuite> <!-- test.day3 -->
