<?xml version="1.0" encoding="UTF-8"?>
<!-- Generated by org.testng.reporters.JUnitReportReporter -->
<testsuite skipped="0" hostname="LIN30000206" name="test.day1" tests="2" failures="0" timestamp="20 May 2019 08:32:27 GMT" time="0.011" errors="0">
  <testcase name="SecondTest" time="0.003" classname="test.day1"/>
  <testcase name="Demo" time="0.008" classname="test.day1"/>
</testsuite> <!-- test.day1 -->
