<?xml version="1.0" encoding="UTF-8"?>
<!-- Generated by org.testng.reporters.JUnitReportReporter -->
<testsuite skipped="0" hostname="LIN30000206" name="test.day4" tests="2" failures="0" timestamp="20 May 2019 08:32:27 GMT" time="0.004" errors="0">
  <testcase name="WebloginHomeLoan" time="0.003" classname="test.day4"/>
  <testcase name="LoginAPIHomeLoan" time="0.001" classname="test.day4"/>
</testsuite> <!-- test.day4 -->
