<?xml version="1.0" encoding="UTF-8"?>
<!-- Generated by org.testng.reporters.JUnitReportReporter -->
<testsuite skipped="0" hostname="LIN30000206" name="test.day2" tests="1" failures="0" timestamp="21 May 2019 04:03:53 GMT" time="0.001" errors="0">
  <testcase name="ploan" time="0.001" classname="test.day2"/>
</testsuite> <!-- test.day2 -->
