<?xml version="1.0" encoding="UTF-8"?>
<!-- Generated by org.testng.reporters.JUnitReportReporter -->
<testsuite skipped="0" hostname="LIN30000206" name="test.day4" tests="3" failures="0" timestamp="21 May 2019 04:08:06 GMT" time="0.009" errors="0">
  <testcase name="WebloginHomeLoan" time="0.002" classname="test.day4"/>
  <testcase name="MobileLoginHomeLoan" time="0.001" classname="test.day4"/>
  <testcase name="LoginAPIHomeLoan" time="0.006" classname="test.day4"/>
</testsuite> <!-- test.day4 -->
