<?xml version="1.0" encoding="UTF-8"?>
<!-- Generated by org.testng.reporters.JUnitReportReporter -->
<testsuite skipped="1" hostname="LIN30000206" name="test.day3" tests="6" failures="0" timestamp="20 May 2019 08:32:27 GMT" time="0.012" errors="0">
  <testcase name="MobilesignoutcarLoan" time="0.002" classname="test.day3"/>
  <testcase name="MobilesignoutcarLoan" time="0.006" classname="test.day3"/>
  <testcase name="MobilesignoutcarLoan" time="0.002" classname="test.day3"/>
  <testcase name="APIcarLoan" time="0.001" classname="test.day3"/>
  <testcase name="WebloginCarLoan" time="0.001" classname="test.day3"/>
  <testcase name="MobilesignimcarLoan" classname="test.day3">
    <skipped/>
  </testcase> <!-- MobilesignimcarLoan -->
</testsuite> <!-- test.day3 -->
