<?xml version="1.0" encoding="UTF-8"?>
<!-- Generated by org.testng.reporters.JUnitReportReporter -->
<testsuite skipped="0" hostname="LIN30000206" name="test.day4" tests="3" failures="0" timestamp="18 May 2019 13:17:41 GMT" time="0.021" errors="0">
  <testcase name="LoginAPIHomeLoan" time="0.003" classname="test.day4"/>
  <testcase name="WebloginHomeLoan" time="0.005" classname="test.day4"/>
  <testcase name="MobileLoginHomeLoan" time="0.013" classname="test.day4"/>
</testsuite> <!-- test.day4 -->
