<?xml version="1.0" encoding="UTF-8"?>
<!-- Generated by org.testng.reporters.JUnitReportReporter -->
<testsuite skipped="1" hostname="LIN30000206" name="test.day3" tests="6" failures="0" timestamp="21 May 2019 04:03:53 GMT" time="0.031" errors="0">
  <testcase name="MobileLogincarLoan" time="0.012" classname="test.day3"/>
  <testcase name="MobilesignoutcarLoan" time="0.004" classname="test.day3"/>
  <testcase name="WebloginCarLoan" time="0.003" classname="test.day3"/>
  <testcase name="MobilesignoutcarLoan" time="0.005" classname="test.day3"/>
  <testcase name="MobilesignoutcarLoan" time="0.007" classname="test.day3"/>
  <testcase name="MobilesignimcarLoan" classname="test.day3">
    <skipped/>
  </testcase> <!-- MobilesignimcarLoan -->
</testsuite> <!-- test.day3 -->
