<?xml version="1.0" encoding="UTF-8"?>
<!-- Generated by org.testng.reporters.JUnitReportReporter -->
<testsuite skipped="0" hostname="LIN30000206" name="test.day2" tests="1" failures="0" timestamp="20 May 2019 08:32:17 GMT" time="0.002" errors="0">
  <testcase name="ploan" time="0.002" classname="test.day2"/>
</testsuite> <!-- test.day2 -->
