<?xml version="1.0" encoding="UTF-8"?>
<!-- Generated by org.testng.reporters.JUnitReportReporter -->
<testsuite skipped="0" hostname="LIN30000206" name="com.tests.ScenarioTest2" tests="1" failures="0" timestamp="18 May 2019 13:12:40 GMT" time="11.635" errors="0">
  <testcase name="Test2" time="11.635" classname="com.tests.ScenarioTest2"/>
</testsuite> <!-- com.tests.ScenarioTest2 -->
