<?xml version="1.0" encoding="UTF-8"?>
<!-- Generated by org.testng.reporters.JUnitReportReporter -->
<testsuite hostname="Hiteshkumar" failures="0" tests="1" name="com.tests.DPExcelSFDCLoginTCName" time="7.057" errors="0" timestamp="07 Jul 2019 16:39:31 GMT" skipped="0">
  <testcase classname="com.tests.DPExcelSFDCLoginTCName" name="SFDCLogincheck" time="7.057"/>
</testsuite> <!-- com.tests.DPExcelSFDCLoginTCName -->
