<?xml version="1.0" encoding="UTF-8"?>
<!-- Generated by org.testng.reporters.JUnitReportReporter -->
<testsuite skipped="0" hostname="LIN30000206" name="com.tests.LoginTests" tests="1" failures="0" timestamp="10 Jun 2019 14:49:34 GMT" time="22.058" errors="0">
  <testcase name="TestLogin" time="22.058" classname="com.tests.LoginTests"/>
</testsuite> <!-- com.tests.LoginTests -->
