<?xml version="1.0" encoding="UTF-8"?>
<!-- Generated by org.testng.reporters.JUnitReportReporter -->
<testsuite hostname="Hiteshkumar" failures="0" tests="1" name="com.tests.ScenarioTest1" time="63.852" errors="0" timestamp="19 Jun 2019 16:25:17 GMT" skipped="0">
  <testcase classname="com.tests.ScenarioTest1" name="Test1" time="63.852"/>
</testsuite> <!-- com.tests.ScenarioTest1 -->
