<?xml version="1.0" encoding="UTF-8"?>
<!-- Generated by org.testng.reporters.JUnitReportReporter -->
<testsuite hostname="Hiteshkumar" failures="0" tests="5" name="com.tests.DPExcelSFDCLogin" time="85.706" errors="0" timestamp="07 Jul 2019 07:19:54 GMT" skipped="0">
  <testcase classname="com.tests.DPExcelSFDCLogin" name="SFDCLogincheck" time="15.731"/>
  <testcase classname="com.tests.DPExcelSFDCLogin" name="SFDCLogincheck" time="14.533"/>
  <testcase classname="com.tests.DPExcelSFDCLogin" name="SFDCLogincheck" time="14.786"/>
  <testcase classname="com.tests.DPExcelSFDCLogin" name="SFDCLogincheck" time="16.818"/>
  <testcase classname="com.tests.DPExcelSFDCLogin" name="SFDCLogincheck" time="23.838"/>
</testsuite> <!-- com.tests.DPExcelSFDCLogin -->
