<?xml version="1.0" encoding="UTF-8"?>
<!-- Generated by org.testng.reporters.JUnitReportReporter -->
<testsuite hostname="Hiteshkumar" failures="0" tests="1" name="com.tests.ScenarioTest1" time="43.999" errors="0" timestamp="07 Jul 2019 12:51:34 GMT" skipped="0">
  <testcase classname="com.tests.ScenarioTest1" name="Test1" time="43.999"/>
</testsuite> <!-- com.tests.ScenarioTest1 -->
