<?xml version="1.0" encoding="UTF-8"?>
<!-- Generated by org.testng.reporters.JUnitReportReporter -->
<testsuite hostname="Hiteshkumar" failures="0" tests="3" name="com.tests.DPSFDCLogin" time="44.442" errors="0" timestamp="07 Jul 2019 12:51:34 GMT" skipped="0">
  <testcase classname="com.tests.DPSFDCLogin" name="SFDCLogincheck" time="10.948"/>
  <testcase classname="com.tests.DPSFDCLogin" name="SFDCLogincheck" time="10.749"/>
  <testcase classname="com.tests.DPSFDCLogin" name="SFDCLogincheck" time="22.745"/>
</testsuite> <!-- com.tests.DPSFDCLogin -->
