<?xml version="1.0" encoding="UTF-8"?>
<!-- Generated by org.testng.reporters.JUnitReportReporter -->
<testsuite hostname="Hiteshkumar" failures="0" tests="1" name="com.tests.ScenarioTest3" time="11.439" errors="0" timestamp="23 Jun 2019 10:46:57 GMT" skipped="0">
  <testcase classname="com.tests.ScenarioTest3" name="ReadExcelStoreHashMap" time="11.439"/>
</testsuite> <!-- com.tests.ScenarioTest3 -->
