<?xml version="1.0" encoding="UTF-8"?>
<!-- Generated by org.testng.reporters.JUnitReportReporter -->
<testsuite hostname="Hiteshkumar" failures="0" tests="5" name="com.tests.DPExcelSFDCLogin" time="83.247" errors="0" timestamp="07 Jul 2019 16:39:31 GMT" skipped="0">
  <testcase classname="com.tests.DPExcelSFDCLogin" name="SFDCLogincheck" time="5.766"/>
  <testcase classname="com.tests.DPExcelSFDCLogin" name="SFDCLogincheck" time="43.578"/>
  <testcase classname="com.tests.DPExcelSFDCLogin" name="SFDCLogincheck" time="12.011"/>
  <testcase classname="com.tests.DPExcelSFDCLogin" name="SFDCLogincheck" time="8.224"/>
  <testcase classname="com.tests.DPExcelSFDCLogin" name="SFDCLogincheck" time="13.668"/>
</testsuite> <!-- com.tests.DPExcelSFDCLogin -->
