<?xml version="1.0" encoding="UTF-8"?>
<!-- Generated by org.testng.reporters.JUnitReportReporter -->
<testsuite hostname="Hiteshkumar" failures="0" tests="1" name="com.tests.DataProviderSFDCLogin2" time="30.797" errors="0" timestamp="21 Jun 2019 06:52:35 GMT" skipped="0">
  <testcase classname="com.tests.DataProviderSFDCLogin2" name="SFDCLogincheck" time="30.797"/>
</testsuite> <!-- com.tests.DataProviderSFDCLogin2 -->
