<?xml version="1.0" encoding="UTF-8"?>
<!-- Generated by org.testng.reporters.JUnitReportReporter -->
<testsuite skipped="0" hostname="LIN30000206" name="com.tests.ScenarioTest2" tests="1" failures="0" timestamp="06 Jun 2019 04:30:57 GMT" time="12.140" errors="0">
  <testcase name="Test2" time="12.140" classname="com.tests.ScenarioTest2"/>
</testsuite> <!-- com.tests.ScenarioTest2 -->
