<?xml version="1.0" encoding="UTF-8"?>
<!-- Generated by org.testng.reporters.JUnitReportReporter -->
<testsuite hostname="Hiteshkumar" failures="0" tests="1" name="com.tests.LoginTests" time="33.273" errors="0" timestamp="19 Jun 2019 16:25:17 GMT" skipped="0">
  <testcase classname="com.tests.LoginTests" name="TestLogin" time="33.273"/>
</testsuite> <!-- com.tests.LoginTests -->
