<?xml version="1.0" encoding="UTF-8"?>
<!-- Generated by org.testng.reporters.JUnitReportReporter -->
<testsuite hostname="Hiteshkumar" failures="0" tests="1" name="com.tests.ScenarioTest1" time="52.445" errors="0" timestamp="19 Jun 2019 16:00:08 GMT" skipped="0">
  <testcase classname="com.tests.ScenarioTest1" name="Test1" time="52.445"/>
</testsuite> <!-- com.tests.ScenarioTest1 -->
