<?xml version="1.0" encoding="UTF-8"?>
<!-- Generated by org.testng.reporters.JUnitReportReporter -->
<testsuite hostname="Hiteshkumar" failures="0" tests="5" name="com.tests.DPExcelSFDCLogin" time="73.496" errors="0" timestamp="07 Jul 2019 12:51:34 GMT" skipped="0">
  <testcase classname="com.tests.DPExcelSFDCLogin" name="SFDCLogincheck" time="20.332"/>
  <testcase classname="com.tests.DPExcelSFDCLogin" name="SFDCLogincheck" time="21.840"/>
  <testcase classname="com.tests.DPExcelSFDCLogin" name="SFDCLogincheck" time="10.132"/>
  <testcase classname="com.tests.DPExcelSFDCLogin" name="SFDCLogincheck" time="11.174"/>
  <testcase classname="com.tests.DPExcelSFDCLogin" name="SFDCLogincheck" time="10.018"/>
</testsuite> <!-- com.tests.DPExcelSFDCLogin -->
