<?xml version="1.0" encoding="UTF-8"?>
<!-- Generated by org.testng.reporters.JUnitReportReporter -->
<testsuite hostname="Hiteshkumar" failures="0" tests="3" name="com.tests.DPSFDCLogin" time="22.961" errors="0" timestamp="07 Jul 2019 16:39:31 GMT" skipped="0">
  <testcase classname="com.tests.DPSFDCLogin" name="SFDCLogincheck" time="10.574"/>
  <testcase classname="com.tests.DPSFDCLogin" name="SFDCLogincheck" time="5.487"/>
  <testcase classname="com.tests.DPSFDCLogin" name="SFDCLogincheck" time="6.900"/>
</testsuite> <!-- com.tests.DPSFDCLogin -->
