<?xml version="1.0" encoding="UTF-8"?>
<!-- Generated by org.testng.reporters.JUnitReportReporter -->
<testsuite hostname="Hiteshkumar" failures="0" tests="1" name="com.tests.DPExcelSFDCLoginTCName" time="24.167" errors="0" timestamp="21 Jun 2019 11:06:17 GMT" skipped="0">
  <testcase classname="com.tests.DPExcelSFDCLoginTCName" name="SFDCLogincheck" time="24.167"/>
</testsuite> <!-- com.tests.DPExcelSFDCLoginTCName -->
