<?xml version="1.0" encoding="UTF-8"?>
<!-- Generated by org.testng.reporters.JUnitReportReporter -->
<testsuite hostname="Hiteshkumar" failures="0" tests="5" name="com.tests.DPExcelSFDCLogin" time="83.000" errors="0" timestamp="21 Jun 2019 11:05:24 GMT" skipped="0">
  <testcase classname="com.tests.DPExcelSFDCLogin" name="SFDCLogincheck" time="18.441"/>
  <testcase classname="com.tests.DPExcelSFDCLogin" name="SFDCLogincheck" time="10.330"/>
  <testcase classname="com.tests.DPExcelSFDCLogin" name="SFDCLogincheck" time="12.198"/>
  <testcase classname="com.tests.DPExcelSFDCLogin" name="SFDCLogincheck" time="10.986"/>
  <testcase classname="com.tests.DPExcelSFDCLogin" name="SFDCLogincheck" time="31.045"/>
</testsuite> <!-- com.tests.DPExcelSFDCLogin -->
