<?xml version="1.0" encoding="UTF-8"?>
<!-- Generated by org.testng.reporters.JUnitReportReporter -->
<testsuite skipped="0" hostname="LIN30000206" name="com.tests.ScenarioTest1" tests="1" failures="0" timestamp="11 Jun 2019 04:18:05 GMT" time="39.306" errors="0">
  <testcase name="Test1" time="39.306" classname="com.tests.ScenarioTest1"/>
</testsuite> <!-- com.tests.ScenarioTest1 -->
