<?xml version="1.0" encoding="UTF-8"?>
<!-- Generated by org.testng.reporters.JUnitReportReporter -->
<testsuite hostname="Hiteshkumar" failures="0" tests="1" name="com.tests.Test200" time="3.076" errors="0" timestamp="21 Jun 2019 14:22:52 GMT" skipped="0">
  <testcase classname="com.tests.Test200" name="ReadExcelStoreHashMap" time="3.076"/>
</testsuite> <!-- com.tests.Test200 -->
