<?xml version="1.0" encoding="UTF-8"?>
<!-- Generated by org.testng.reporters.JUnitReportReporter -->
<testsuite skipped="0" hostname="LIN30000206" name="com.tests.ScenarioTest1" tests="1" failures="0" timestamp="29 Apr 2019 06:38:37 GMT" time="34.500" errors="0">
  <testcase name="Test1" time="34.500" classname="com.tests.ScenarioTest1"/>
</testsuite> <!-- com.tests.ScenarioTest1 -->
