<?xml version="1.0" encoding="UTF-8"?>
<!-- Generated by org.testng.reporters.JUnitReportReporter -->
<testsuite skipped="0" hostname="LIN30000206" name="com.tests.ScenarioTest2" tests="1" failures="0" timestamp="05 Jun 2019 11:22:14 GMT" time="9.856" errors="0">
  <testcase name="Test2" time="9.856" classname="com.tests.ScenarioTest2"/>
</testsuite> <!-- com.tests.ScenarioTest2 -->
