<?xml version="1.0" encoding="UTF-8"?>
<!-- Generated by org.testng.reporters.JUnitReportReporter -->
<testsuite hostname="Hiteshkumar" failures="0" tests="1" name="com.tests.LoginTests" time="19.106" errors="0" timestamp="21 Jun 2019 07:53:42 GMT" skipped="0">
  <testcase classname="com.tests.LoginTests" name="TestLogin" time="19.106"/>
</testsuite> <!-- com.tests.LoginTests -->
