<?xml version="1.0" encoding="UTF-8"?>
<!-- Generated by org.testng.reporters.JUnitReportReporter -->
<testsuite hostname="Hiteshkumar" failures="0" tests="1" name="com.tests.DPExcelSFDCLoginTCName" time="23.466" errors="0" timestamp="21 Jun 2019 07:39:37 GMT" skipped="0">
  <testcase classname="com.tests.DPExcelSFDCLoginTCName" name="SFDCLogincheck" time="23.466"/>
</testsuite> <!-- com.tests.DPExcelSFDCLoginTCName -->
