<?xml version="1.0" encoding="UTF-8"?>
<!-- Generated by org.testng.reporters.JUnitReportReporter -->
<testsuite hostname="Hiteshkumar" failures="0" tests="3" name="com.tests.DataProviderSFDCLogin" time="44.191" errors="0" timestamp="21 Jun 2019 06:11:03 GMT" skipped="0">
  <testcase classname="com.tests.DataProviderSFDCLogin" name="SFDCLogincheck" time="22.588"/>
  <testcase classname="com.tests.DataProviderSFDCLogin" name="SFDCLogincheck" time="10.920"/>
  <testcase classname="com.tests.DataProviderSFDCLogin" name="SFDCLogincheck" time="10.683"/>
</testsuite> <!-- com.tests.DataProviderSFDCLogin -->
