<?xml version="1.0" encoding="UTF-8"?>
<!-- Generated by org.testng.reporters.JUnitReportReporter -->
<testsuite skipped="0" hostname="ipcq16" name="QA.Tests.Test9" tests="1" failures="0" timestamp="29 Jul 2019 09:25:21 GMT" time="45.009" errors="0">
  <testcase name="AddCustomer" time="45.009" classname="QA.Tests.Test9"/>
</testsuite> <!-- QA.Tests.Test9 -->
