<?xml version="1.0" encoding="UTF-8"?>
<!-- Generated by org.testng.reporters.JUnitReportReporter -->
<testsuite skipped="0" hostname="ipcq16" name="QA.Tests.Test7" tests="1" failures="0" timestamp="29 Jul 2019 07:19:35 GMT" time="8.864" errors="0">
  <testcase name="G99login" time="8.864" classname="QA.Tests.Test7"/>
</testsuite> <!-- QA.Tests.Test7 -->
