<?xml version="1.0" encoding="UTF-8"?>
<!-- Generated by org.testng.reporters.JUnitReportReporter -->
<testsuite skipped="0" hostname="IPCQ16" name="QA.Tests.Test9" tests="1" failures="0" timestamp="04 Nov 2019 14:52:47 GMT" time="33.916" errors="0">
  <testcase name="AddCustomer" time="33.916" classname="QA.Tests.Test9"/>
</testsuite> <!-- QA.Tests.Test9 -->
