<?xml version="1.0" encoding="UTF-8"?>
<!-- Generated by org.testng.reporters.JUnitReportReporter -->
<testsuite skipped="0" hostname="ipcq16" name="QA.Tests.Test8" tests="2" failures="0" timestamp="29 Jul 2019 07:19:35 GMT" time="34.682" errors="0">
  <testcase name="AddCustomer" time="16.909" classname="QA.Tests.Test8"/>
  <testcase name="AddCustomer" time="17.773" classname="QA.Tests.Test8"/>
</testsuite> <!-- QA.Tests.Test8 -->
