<?xml version="1.0" encoding="UTF-8"?>
<!-- Generated by org.testng.reporters.JUnitReportReporter -->
<testsuite skipped="0" hostname="ipcq16" name="QA.Tests.Test6" tests="1" failures="0" timestamp="29 Jul 2019 07:19:35 GMT" time="32.141" errors="0">
  <testcase name="FinalProductCheck" time="32.141" classname="QA.Tests.Test6"/>
</testsuite> <!-- QA.Tests.Test6 -->
