<?xml version="1.0" encoding="UTF-8"?>
<!-- Generated by org.testng.reporters.JUnitReportReporter -->
<testsuite skipped="0" hostname="IPCQ16" name="QA.Tests.Test4" tests="5" failures="0" timestamp="04 Nov 2019 14:52:47 GMT" time="6.324" errors="0">
  <testcase name="SFDCLogincheck" time="2.306" classname="QA.Tests.Test4"/>
  <testcase name="SFDCLogincheck" time="1.358" classname="QA.Tests.Test4"/>
  <testcase name="SFDCLogincheck" time="0.731" classname="QA.Tests.Test4"/>
  <testcase name="SFDCLogincheck" time="1.078" classname="QA.Tests.Test4"/>
  <testcase name="SFDCLogincheck" time="0.851" classname="QA.Tests.Test4"/>
</testsuite> <!-- QA.Tests.Test4 -->
