<?xml version="1.0" encoding="UTF-8"?>
<!-- Generated by org.testng.reporters.JUnitReportReporter -->
<testsuite skipped="0" hostname="ipcq16" name="QA.Tests.Test1" tests="7" failures="0" timestamp="25 Jul 2019 10:18:55 GMT" time="31.175" errors="0">
  <testcase name="NAVIGATE_TO_URL_CLICK_SIGN" time="8.622" classname="QA.Tests.Test1"/>
  <testcase name="ENTER_UNAME_PWRD_LOGIN" time="2.463" classname="QA.Tests.Test1"/>
  <testcase name="CLICK_ON_WOMAN_TAB" time="3.164" classname="QA.Tests.Test1"/>
  <testcase name="CLICK_ON_WOMAN_TAB_TOPS" time="2.086" classname="QA.Tests.Test1"/>
  <testcase name="CLICK_ON_WOMAN_TSHIRTS" time="1.917" classname="QA.Tests.Test1"/>
  <testcase name="CLICK_ON_PRODUCT" time="2.512" classname="QA.Tests.Test1"/>
  <testcase name="PRODUCT_ADD_TO_CART" time="10.411" classname="QA.Tests.Test1"/>
</testsuite> <!-- QA.Tests.Test1 -->
