<?xml version="1.0" encoding="UTF-8"?>
<!-- Generated by org.testng.reporters.JUnitReportReporter -->
<testsuite skipped="0" hostname="ipcq16" name="QA.Tests.Test10" tests="1" failures="0" timestamp="30 Jul 2019 09:16:33 GMT" time="56.170" errors="0">
  <testcase name="AddCustomer" time="56.170" classname="QA.Tests.Test10"/>
</testsuite> <!-- QA.Tests.Test10 -->
