<?xml version="1.0" encoding="UTF-8"?>
<!-- Generated by org.testng.reporters.JUnitReportReporter -->
<testsuite skipped="0" hostname="IPCQ16" name="QA.Tests.Test1" tests="7" failures="0" timestamp="04 Nov 2019 14:52:47 GMT" time="32.033" errors="0">
  <testcase name="NAVIGATE_TO_URL_CLICK_SIGN" time="8.358" classname="QA.Tests.Test1"/>
  <testcase name="ENTER_UNAME_PWRD_LOGIN" time="3.362" classname="QA.Tests.Test1"/>
  <testcase name="CLICK_ON_WOMAN_TAB" time="3.326" classname="QA.Tests.Test1"/>
  <testcase name="CLICK_ON_WOMAN_TAB_TOPS" time="2.019" classname="QA.Tests.Test1"/>
  <testcase name="CLICK_ON_WOMAN_TSHIRTS" time="1.916" classname="QA.Tests.Test1"/>
  <testcase name="CLICK_ON_PRODUCT" time="2.698" classname="QA.Tests.Test1"/>
  <testcase name="PRODUCT_ADD_TO_CART" time="10.354" classname="QA.Tests.Test1"/>
</testsuite> <!-- QA.Tests.Test1 -->
