<?xml version="1.0" encoding="UTF-8"?>
<!-- Generated by org.testng.reporters.JUnitReportReporter -->
<testsuite skipped="0" hostname="ipcq16" name="QA.Tests.Test1" tests="7" failures="0" timestamp="25 Jul 2019 12:13:54 GMT" time="30.700" errors="0">
  <testcase name="NAVIGATE_TO_URL_CLICK_SIGN" time="8.947" classname="QA.Tests.Test1"/>
  <testcase name="ENTER_UNAME_PWRD_LOGIN" time="2.191" classname="QA.Tests.Test1"/>
  <testcase name="CLICK_ON_WOMAN_TAB" time="2.859" classname="QA.Tests.Test1"/>
  <testcase name="CLICK_ON_WOMAN_TAB_TOPS" time="1.717" classname="QA.Tests.Test1"/>
  <testcase name="CLICK_ON_WOMAN_TSHIRTS" time="1.895" classname="QA.Tests.Test1"/>
  <testcase name="CLICK_ON_PRODUCT" time="2.728" classname="QA.Tests.Test1"/>
  <testcase name="PRODUCT_ADD_TO_CART" time="10.363" classname="QA.Tests.Test1"/>
</testsuite> <!-- QA.Tests.Test1 -->
