<?xml version="1.0" encoding="UTF-8"?>
<!-- Generated by org.testng.reporters.JUnitReportReporter -->
<testsuite skipped="0" hostname="IPCQ16" name="QA.Tests.EHRLoginTest1" tests="3" failures="0" timestamp="27 Aug 2019 07:24:04 GMT" time="35.010" errors="0">
  <testcase name="EHRLoginTest11" time="18.149" classname="QA.Tests.EHRLoginTest1"/>
  <testcase name="EHRLoginTest12" time="2.245" classname="QA.Tests.EHRLoginTest1"/>
  <testcase name="EHRLoginTest13" time="14.616" classname="QA.Tests.EHRLoginTest1"/>
</testsuite> <!-- QA.Tests.EHRLoginTest1 -->
