<?xml version="1.0" encoding="UTF-8"?>
<!-- Generated by org.testng.reporters.JUnitReportReporter -->
<testsuite skipped="0" hostname="IPCQ16" name="QA.Tests.Test6" tests="1" failures="0" timestamp="04 Nov 2019 14:52:47 GMT" time="35.125" errors="0">
  <testcase name="FinalProductCheck" time="35.125" classname="QA.Tests.Test6"/>
</testsuite> <!-- QA.Tests.Test6 -->
