<?xml version="1.0" encoding="UTF-8"?>
<!-- Generated by org.testng.reporters.JUnitReportReporter -->
<testsuite skipped="0" hostname="ipcq16" name="QA.Tests.Test4" tests="5" failures="0" timestamp="25 Jul 2019 12:13:54 GMT" time="21.362" errors="0">
  <testcase name="SFDCLogincheck" time="1.891" classname="QA.Tests.Test4"/>
  <testcase name="SFDCLogincheck" time="5.425" classname="QA.Tests.Test4"/>
  <testcase name="SFDCLogincheck" time="3.159" classname="QA.Tests.Test4"/>
  <testcase name="SFDCLogincheck" time="7.189" classname="QA.Tests.Test4"/>
  <testcase name="SFDCLogincheck" time="3.698" classname="QA.Tests.Test4"/>
</testsuite> <!-- QA.Tests.Test4 -->
