<?xml version="1.0" encoding="UTF-8"?>
<!-- Generated by org.testng.reporters.JUnitReportReporter -->
<testsuite skipped="0" hostname="ipcq16" name="Test.Chromeload" tests="1" failures="0" timestamp="09 Jul 2019 14:13:58 GMT" time="16.356" errors="0">
  <testcase name="login" time="16.356" classname="Test.Chromeload"/>
</testsuite> <!-- Test.Chromeload -->
