<?xml version="1.0" encoding="UTF-8"?>
<!-- Generated by org.testng.reporters.JUnitReportReporter -->
<testsuite skipped="0" hostname="IPCQ16" name="QA.Tests.Test8" tests="2" failures="0" timestamp="04 Nov 2019 14:52:47 GMT" time="35.584" errors="0">
  <testcase name="AddCustomer" time="19.407" classname="QA.Tests.Test8"/>
  <testcase name="AddCustomer" time="16.177" classname="QA.Tests.Test8"/>
</testsuite> <!-- QA.Tests.Test8 -->
