<?xml version="1.0" encoding="UTF-8"?>
<!-- Generated by org.testng.reporters.JUnitReportReporter -->
<testsuite skipped="0" hostname="ipcq16" name="QA.Tests.Test10" tests="1" failures="0" timestamp="30 Jul 2019 10:28:13 GMT" time="45.921" errors="0">
  <testcase name="AddCustomer" time="45.921" classname="QA.Tests.Test10"/>
</testsuite> <!-- QA.Tests.Test10 -->
