<?xml version="1.0" encoding="UTF-8"?>
<!-- Generated by org.testng.reporters.JUnitReportReporter -->
<testsuite hostname="IPCQ11" failures="0" tests="2" name="Testing.QA.AppTest" time="0.013" errors="0" timestamp="2024-03-27T02:21:45 GMT-04:00" skipped="0">
  <testcase classname="Testing.QA.AppTest" name="shouldAnswerWithTrue" time="0.011"/>
  <testcase classname="Testing.QA.AppTest" name="shouldAnswerWithfalse" time="0.002"/>
</testsuite> <!-- Testing.QA.AppTest -->
