<?xml version="1.0" encoding="UTF-8"?>
<!-- Generated by org.testng.reporters.JUnitReportReporter -->
<testsuite skipped="0" hostname="DIN30000650" name="main.java.module.CokeHelp" tests="8" failures="0" timestamp="20 Aug 2018 12:39:04 GMT" time="138.693" errors="0">
  <testcase name="validateSearchFunctionality" time="9.309" classname="main.java.module.CokeHelp"/>
  <testcase name="openURL" time="19.469" classname="main.java.module.CokeHelp"/>
  <testcase name="validateBookmarkedArticle" time="5.292" classname="main.java.module.CokeHelp"/>
  <testcase name="cokeHelp_Login" time="64.188" classname="main.java.module.CokeHelp"/>
  <testcase name="cokeHelp_Logout" time="12.127" classname="main.java.module.CokeHelp"/>
  <testcase name="navigateToProfileMenu" time="14.803" classname="main.java.module.CokeHelp"/>
  <testcase name="navigateToArticleFrontEnd" time="7.983" classname="main.java.module.CokeHelp"/>
  <testcase name="bookmarkArticle" time="5.522" classname="main.java.module.CokeHelp"/>
</testsuite> <!-- main.java.module.CokeHelp -->
